TN:
SF:/Users/bettinag/C4_s21_math-0/src/sourceFiles/s21_abs.c
FN:3,s21_abs
FNDA:9,s21_abs
FNF:1
FNH:1
DA:3,9
LF:1
LH:1
end_of_record
TN:
SF:/Users/bettinag/C4_s21_math-0/src/sourceFiles/s21_fabs.c
FN:3,s21_fabs
FNDA:9,s21_fabs
FNF:1
FNH:1
DA:3,9
DA:4,9
DA:5,3
DA:7,9
LF:4
LH:4
end_of_record
TN:
SF:/Users/bettinag/C4_s21_math-0/src/testFiles/s21_test_abs.c
FN:6,test_s21_math_abs_usual_fn
FNDA:1,test_s21_math_abs_usual_fn
FN:16,test_s21_math_abs_unusual_fn
FNDA:1,test_s21_math_abs_unusual_fn
FN:28,s21_math_abs_suite
FNDA:3,s21_math_abs_suite
FN:45,main
FNDA:3,main
FNF:4
FNH:4
DA:6,1
DA:7,1
DA:8,1
DA:9,1
DA:10,1
DA:11,1
DA:12,1
DA:13,1
DA:16,1
DA:17,1
DA:18,1
DA:19,1
DA:20,1
DA:21,1
DA:22,1
DA:23,1
DA:28,3
DA:32,3
DA:34,3
DA:35,3
DA:36,3
DA:38,3
DA:39,3
DA:40,3
DA:42,3
DA:45,3
DA:47,3
DA:50,3
DA:51,3
DA:53,3
DA:54,1
DA:55,1
DA:56,1
LF:33
LH:33
end_of_record
